[debug] [2025-06-26T20:20:23.916Z] ----------------------------------------------------------------------
[debug] [2025-06-26T20:20:23.941Z] Command:       C:\Program Files\nodejs\node.exe C:\Users\tashu\AppData\Roaming\npm\node_modules\firebase-tools\lib\bin\firebase.js login --reauth
[debug] [2025-06-26T20:20:23.942Z] CLI Version:   14.8.0
[debug] [2025-06-26T20:20:23.942Z] Platform:      win32
[debug] [2025-06-26T20:20:23.942Z] Node Version:  v22.16.0
[debug] [2025-06-26T20:20:23.942Z] Time:          Fri Jun 27 2025 01:50:23 GMT+0530 (India Standard Time)
[debug] [2025-06-26T20:20:23.943Z] ----------------------------------------------------------------------
[debug] 
[info] 
[info] Visit this URL on this device to log in:
[info] https://accounts.google.com/o/oauth2/auth?client_id=563584335869-fgrhgmd47bqnekij5i8b5pr03ho849e6.apps.googleusercontent.com&scope=email%20openid%20https%3A%2F%2Fwww.googleapis.com%2Fauth%2Fcloudplatformprojects.readonly%20https%3A%2F%2Fwww.googleapis.com%2Fauth%2Ffirebase%20https%3A%2F%2Fwww.googleapis.com%2Fauth%2Fcloud-platform&response_type=code&state=784328643&redirect_uri=http%3A%2F%2Flocalhost%3A9005&login_hint=synergyxhub%40gmail.com
[info] 
[info] Waiting for authentication...
[debug] [2025-06-26T20:21:09.155Z] ----------------------------------------------------------------------
[debug] [2025-06-26T20:21:09.159Z] Command:       C:\Program Files\nodejs\node.exe C:\Users\tashu\AppData\Roaming\npm\node_modules\firebase-tools\lib\bin\firebase.js deploy --only functions
[debug] [2025-06-26T20:21:09.159Z] CLI Version:   14.8.0
[debug] [2025-06-26T20:21:09.159Z] Platform:      win32
[debug] [2025-06-26T20:21:09.160Z] Node Version:  v22.16.0
[debug] [2025-06-26T20:21:09.161Z] Time:          Fri Jun 27 2025 01:51:09 GMT+0530 (India Standard Time)
[debug] [2025-06-26T20:21:09.162Z] ----------------------------------------------------------------------
[debug] 
[debug] [2025-06-26T20:21:09.446Z] > command requires scopes: ["email","openid","https://www.googleapis.com/auth/cloudplatformprojects.readonly","https://www.googleapis.com/auth/firebase","https://www.googleapis.com/auth/cloud-platform"]
[debug] [2025-06-26T20:21:09.446Z] > authorizing via signed-in user (synergyxhub@gmail.com)
[debug] [2025-06-26T20:21:09.447Z] [iam] checking project synergyx-hub for permissions ["cloudfunctions.functions.create","cloudfunctions.functions.delete","cloudfunctions.functions.get","cloudfunctions.functions.list","cloudfunctions.functions.update","cloudfunctions.operations.get","firebase.projects.get"]
[debug] [2025-06-26T20:21:09.448Z] Checked if tokens are valid: false, expires at: 1750954797180
[debug] [2025-06-26T20:21:09.448Z] Checked if tokens are valid: false, expires at: 1750954797180
[debug] [2025-06-26T20:21:09.448Z] > refreshing access token with scopes: []
[debug] [2025-06-26T20:21:09.450Z] >>> [apiv2][query] POST https://www.googleapis.com/oauth2/v3/token [none]
[debug] [2025-06-26T20:21:09.450Z] >>> [apiv2][body] POST https://www.googleapis.com/oauth2/v3/token [omitted]
[debug] [2025-06-26T20:21:09.730Z] <<< [apiv2][status] POST https://www.googleapis.com/oauth2/v3/token 200
[debug] [2025-06-26T20:21:09.730Z] <<< [apiv2][body] POST https://www.googleapis.com/oauth2/v3/token [omitted]
[debug] [2025-06-26T20:21:09.741Z] >>> [apiv2][query] POST https://cloudresourcemanager.googleapis.com/v1/projects/synergyx-hub:testIamPermissions [none]
[debug] [2025-06-26T20:21:09.742Z] >>> [apiv2][(partial)header] POST https://cloudresourcemanager.googleapis.com/v1/projects/synergyx-hub:testIamPermissions x-goog-quota-user=projects/synergyx-hub
[debug] [2025-06-26T20:21:09.742Z] >>> [apiv2][body] POST https://cloudresourcemanager.googleapis.com/v1/projects/synergyx-hub:testIamPermissions {"permissions":["cloudfunctions.functions.create","cloudfunctions.functions.delete","cloudfunctions.functions.get","cloudfunctions.functions.list","cloudfunctions.functions.update","cloudfunctions.operations.get","firebase.projects.get"]}
[debug] [2025-06-26T20:21:11.273Z] <<< [apiv2][status] POST https://cloudresourcemanager.googleapis.com/v1/projects/synergyx-hub:testIamPermissions 200
[debug] [2025-06-26T20:21:11.274Z] <<< [apiv2][body] POST https://cloudresourcemanager.googleapis.com/v1/projects/synergyx-hub:testIamPermissions {"permissions":["cloudfunctions.functions.create","cloudfunctions.functions.delete","cloudfunctions.functions.get","cloudfunctions.functions.list","cloudfunctions.functions.update","cloudfunctions.operations.get","firebase.projects.get"]}
[debug] [2025-06-26T20:21:11.274Z] Checked if tokens are valid: true, expires at: 1750972868731
[debug] [2025-06-26T20:21:11.274Z] Checked if tokens are valid: true, expires at: 1750972868731
[debug] [2025-06-26T20:21:11.274Z] >>> [apiv2][query] POST https://iam.googleapis.com/v1/projects/synergyx-hub/serviceAccounts/synergyx-hub@appspot.gserviceaccount.com:testIamPermissions [none]
[debug] [2025-06-26T20:21:11.274Z] >>> [apiv2][body] POST https://iam.googleapis.com/v1/projects/synergyx-hub/serviceAccounts/synergyx-hub@appspot.gserviceaccount.com:testIamPermissions {"permissions":["iam.serviceAccounts.actAs"]}
[debug] [2025-06-26T20:21:12.961Z] <<< [apiv2][status] POST https://iam.googleapis.com/v1/projects/synergyx-hub/serviceAccounts/synergyx-hub@appspot.gserviceaccount.com:testIamPermissions 200
[debug] [2025-06-26T20:21:12.961Z] <<< [apiv2][body] POST https://iam.googleapis.com/v1/projects/synergyx-hub/serviceAccounts/synergyx-hub@appspot.gserviceaccount.com:testIamPermissions {"permissions":["iam.serviceAccounts.actAs"]}
[info] 
[info] === Deploying to 'synergyx-hub'...
[info] 
[info] i  deploying functions 
[debug] [2025-06-26T20:21:12.970Z] Checked if tokens are valid: true, expires at: 1750972868731
[debug] [2025-06-26T20:21:12.970Z] Checked if tokens are valid: true, expires at: 1750972868731
[debug] [2025-06-26T20:21:12.970Z] >>> [apiv2][query] GET https://cloudresourcemanager.googleapis.com/v1/projects/synergyx-hub [none]
[debug] [2025-06-26T20:21:13.302Z] <<< [apiv2][status] GET https://cloudresourcemanager.googleapis.com/v1/projects/synergyx-hub 200
[debug] [2025-06-26T20:21:13.302Z] <<< [apiv2][body] GET https://cloudresourcemanager.googleapis.com/v1/projects/synergyx-hub {"projectNumber":"922102669164","projectId":"synergyx-hub","lifecycleState":"ACTIVE","name":"SynergyX-Hub","labels":{"firebase":"enabled","firebase-core":"disabled"},"createTime":"2025-06-26T14:42:36.132084Z"}
[info] i  functions: preparing codebase default for deployment 
[info] i  functions: ensuring required API cloudfunctions.googleapis.com is enabled... 
[info] i  functions: ensuring required API cloudbuild.googleapis.com is enabled... 
[info] i  artifactregistry: ensuring required API artifactregistry.googleapis.com is enabled... 
[debug] [2025-06-26T20:21:13.306Z] Checked if tokens are valid: true, expires at: 1750972868731
[debug] [2025-06-26T20:21:13.306Z] Checked if tokens are valid: true, expires at: 1750972868731
[debug] [2025-06-26T20:21:13.306Z] >>> [apiv2][query] GET https://firebase.googleapis.com/v1beta1/projects/synergyx-hub/adminSdkConfig [none]
[debug] [2025-06-26T20:21:13.702Z] <<< [apiv2][status] GET https://firebase.googleapis.com/v1beta1/projects/synergyx-hub/adminSdkConfig 200
[debug] [2025-06-26T20:21:13.702Z] <<< [apiv2][body] GET https://firebase.googleapis.com/v1beta1/projects/synergyx-hub/adminSdkConfig {"projectId":"synergyx-hub","storageBucket":"synergyx-hub.firebasestorage.app"}
[debug] [2025-06-26T20:21:13.703Z] Checked if tokens are valid: true, expires at: 1750972868731
[debug] [2025-06-26T20:21:13.703Z] Checked if tokens are valid: true, expires at: 1750972868731
[debug] [2025-06-26T20:21:13.703Z] >>> [apiv2][query] GET https://runtimeconfig.googleapis.com/v1beta1/projects/synergyx-hub/configs [none]
[debug] [2025-06-26T20:21:14.112Z] <<< [apiv2][status] GET https://runtimeconfig.googleapis.com/v1beta1/projects/synergyx-hub/configs 200
[debug] [2025-06-26T20:21:14.112Z] <<< [apiv2][body] GET https://runtimeconfig.googleapis.com/v1beta1/projects/synergyx-hub/configs {}
[debug] [2025-06-26T20:21:14.114Z] Validating nodejs source
[debug] [2025-06-26T20:21:17.119Z] > [functions] package.json contents: {
  "name": "synergyx-functions",
  "description": "Firebase Cloud Functions for SynergyX user onboarding and profile generation.",
  "version": "1.0.0",
  "scripts": {
    "serve": "firebase emulators:start --only functions",
    "shell": "firebase functions:shell",
    "start": "npm run shell",
    "deploy": "firebase deploy --only functions",
    "logs": "firebase functions:log"
  },
  "engines": {
    "node": "20"
  },
  "main": "index.js",
  "dependencies": {
    "axios": "^1.6.7",
    "cors": "^2.8.5",
    "docx": "^8.0.3",
    "firebase-admin": "^11.10.1",
    "firebase-functions": "^6.3.2",
    "multer": "^1.4.5-lts.1",
    "pdf-parse": "^1.1.1"
  },
  "devDependencies": {
    "eslint": "^8.15.0",
    "eslint-config-google": "^0.14.0",
    "firebase-functions-test": "^3.1.0"
  },
  "private": true
}
[debug] [2025-06-26T20:21:17.120Z] Building nodejs source
[info] i  functions: Loading and analyzing source code for codebase default to determine what to deploy 
[debug] [2025-06-26T20:21:17.122Z] Could not find functions.yaml. Must use http discovery
[debug] [2025-06-26T20:21:17.138Z] Found firebase-functions binary at 'C:\Users\tashu\OneDrive\Stuff\Work\SynergyX\functions\node_modules\.bin\firebase-functions'
[info] Serving at port 8216

[debug] [2025-06-26T20:21:18.719Z] Got response from /__/functions.yaml {"endpoints":{"joinSynergyX":{"availableMemoryMb":null,"timeoutSeconds":null,"minInstances":null,"maxInstances":null,"ingressSettings":null,"concurrency":null,"serviceAccountEmail":null,"vpc":null,"platform":"gcfv2","labels":{},"httpsTrigger":{},"entryPoint":"joinSynergyX"}},"specVersion":"v1alpha1","requiredAPIs":[],"extensions":{}}
[info] i  extensions: ensuring required API firebaseextensions.googleapis.com is enabled... 
[debug] [2025-06-26T20:21:22.779Z] > command requires scopes: ["email","openid","https://www.googleapis.com/auth/cloudplatformprojects.readonly","https://www.googleapis.com/auth/firebase","https://www.googleapis.com/auth/cloud-platform"]
[debug] [2025-06-26T20:21:22.779Z] > authorizing via signed-in user (synergyxhub@gmail.com)
[debug] [2025-06-26T20:21:22.779Z] [iam] checking project synergyx-hub for permissions ["firebase.projects.get","firebaseextensions.instances.list"]
[debug] [2025-06-26T20:21:22.779Z] Checked if tokens are valid: true, expires at: 1750972868731
[debug] [2025-06-26T20:21:22.779Z] Checked if tokens are valid: true, expires at: 1750972868731
[debug] [2025-06-26T20:21:22.779Z] >>> [apiv2][query] POST https://cloudresourcemanager.googleapis.com/v1/projects/synergyx-hub:testIamPermissions [none]
[debug] [2025-06-26T20:21:22.779Z] >>> [apiv2][(partial)header] POST https://cloudresourcemanager.googleapis.com/v1/projects/synergyx-hub:testIamPermissions x-goog-quota-user=projects/synergyx-hub
[debug] [2025-06-26T20:21:22.779Z] >>> [apiv2][body] POST https://cloudresourcemanager.googleapis.com/v1/projects/synergyx-hub:testIamPermissions {"permissions":["firebase.projects.get","firebaseextensions.instances.list"]}
[debug] [2025-06-26T20:21:24.278Z] <<< [apiv2][status] POST https://cloudresourcemanager.googleapis.com/v1/projects/synergyx-hub:testIamPermissions 200
[debug] [2025-06-26T20:21:24.278Z] <<< [apiv2][body] POST https://cloudresourcemanager.googleapis.com/v1/projects/synergyx-hub:testIamPermissions {"permissions":["firebase.projects.get","firebaseextensions.instances.list"]}
[debug] [2025-06-26T20:21:24.279Z] Checked if tokens are valid: true, expires at: 1750972868731
[debug] [2025-06-26T20:21:24.279Z] Checked if tokens are valid: true, expires at: 1750972868731
[debug] [2025-06-26T20:21:24.279Z] >>> [apiv2][query] GET https://firebaseextensions.googleapis.com/v1beta/projects/synergyx-hub/instances pageSize=100&pageToken=
[debug] [2025-06-26T20:21:25.878Z] <<< [apiv2][status] GET https://firebaseextensions.googleapis.com/v1beta/projects/synergyx-hub/instances 200
[debug] [2025-06-26T20:21:25.878Z] <<< [apiv2][body] GET https://firebaseextensions.googleapis.com/v1beta/projects/synergyx-hub/instances {}
[info] i  functions: preparing functions directory for uploading... 
[info] i  functions: packaged C:\Users\tashu\OneDrive\Stuff\Work\SynergyX\functions (77.83 KB) for uploading 
[debug] [2025-06-26T20:21:25.939Z] Checked if tokens are valid: true, expires at: 1750972868731
[debug] [2025-06-26T20:21:25.939Z] Checked if tokens are valid: true, expires at: 1750972868731
[debug] [2025-06-26T20:21:25.939Z] >>> [apiv2][query] GET https://cloudfunctions.googleapis.com/v1/projects/synergyx-hub/locations/-/functions [none]
[debug] [2025-06-26T20:21:26.839Z] <<< [apiv2][status] GET https://cloudfunctions.googleapis.com/v1/projects/synergyx-hub/locations/-/functions 200
[debug] [2025-06-26T20:21:26.840Z] <<< [apiv2][body] GET https://cloudfunctions.googleapis.com/v1/projects/synergyx-hub/locations/-/functions {}
[debug] [2025-06-26T20:21:26.841Z] Checked if tokens are valid: true, expires at: 1750972868731
[debug] [2025-06-26T20:21:26.841Z] Checked if tokens are valid: true, expires at: 1750972868731
[debug] [2025-06-26T20:21:26.841Z] >>> [apiv2][query] GET https://cloudfunctions.googleapis.com/v2/projects/synergyx-hub/locations/-/functions filter=environment%3D%22GEN_2%22
[debug] [2025-06-26T20:21:28.581Z] <<< [apiv2][status] GET https://cloudfunctions.googleapis.com/v2/projects/synergyx-hub/locations/-/functions 200
[debug] [2025-06-26T20:21:28.581Z] <<< [apiv2][body] GET https://cloudfunctions.googleapis.com/v2/projects/synergyx-hub/locations/-/functions {"functions":[{"name":"projects/synergyx-hub/locations/us-central1/functions/joinSynergyX","buildConfig":{"runtime":"nodejs20","entryPoint":"joinSynergyX","source":{"storageSource":{"bucket":"gcf-v2-sources-922102669164-us-central1","object":"joinSynergyX/function-source.zip","generation":"1750952070064116"}},"environmentVariables":{"GOOGLE_NODE_RUN_SCRIPTS":""},"dockerRepository":"projects/synergyx-hub/locations/us-central1/repositories/gcf-artifacts","sourceProvenance":{},"dockerRegistry":"ARTIFACT_REGISTRY","serviceAccount":"projects/synergyx-hub/serviceAccounts/922102669164-compute@developer.gserviceaccount.com","automaticUpdatePolicy":{}},"state":"FAILED","updateTime":"2025-06-26T15:34:44.244696352Z","labels":{"deployment-tool":"cli-firebase","firebase-functions-hash":"6e95b1818b4df68f5f47f1519a7c441e0d129764"},"stateMessages":[{"severity":"ERROR","type":"CloudRunServiceNotFound","message":"Cloud Run service projects/synergyx-hub/locations/us-central1/services/joinsynergyx for the function was not found. The function will not work correctly. Please redeploy."}],"environment":"GEN_2","url":"https://us-central1-synergyx-hub.cloudfunctions.net/joinSynergyX","createTime":"2025-06-26T15:34:30.396386850Z","satisfiesPzi":true}]}
[info] i  functions: ensuring required API run.googleapis.com is enabled... 
[info] i  functions: ensuring required API eventarc.googleapis.com is enabled... 
[info] i  functions: ensuring required API pubsub.googleapis.com is enabled... 
[info] i  functions: ensuring required API storage.googleapis.com is enabled... 
[info] i  functions: generating the service identity for pubsub.googleapis.com... 
[debug] [2025-06-26T20:21:28.588Z] Checked if tokens are valid: true, expires at: 1750972868731
[debug] [2025-06-26T20:21:28.588Z] Checked if tokens are valid: true, expires at: 1750972868731
[info] i  functions: generating the service identity for eventarc.googleapis.com... 
[debug] [2025-06-26T20:21:28.589Z] Checked if tokens are valid: true, expires at: 1750972868731
[debug] [2025-06-26T20:21:28.589Z] Checked if tokens are valid: true, expires at: 1750972868731
[debug] [2025-06-26T20:21:28.589Z] >>> [apiv2][query] POST https://serviceusage.googleapis.com/v1beta1/projects/922102669164/services/pubsub.googleapis.com:generateServiceIdentity [none]
[debug] [2025-06-26T20:21:28.589Z] >>> [apiv2][(partial)header] POST https://serviceusage.googleapis.com/v1beta1/projects/922102669164/services/pubsub.googleapis.com:generateServiceIdentity x-goog-quota-user=projects/922102669164
[debug] [2025-06-26T20:21:28.589Z] >>> [apiv2][body] POST https://serviceusage.googleapis.com/v1beta1/projects/922102669164/services/pubsub.googleapis.com:generateServiceIdentity {}
[debug] [2025-06-26T20:21:28.591Z] >>> [apiv2][query] POST https://serviceusage.googleapis.com/v1beta1/projects/922102669164/services/eventarc.googleapis.com:generateServiceIdentity [none]
[debug] [2025-06-26T20:21:28.591Z] >>> [apiv2][(partial)header] POST https://serviceusage.googleapis.com/v1beta1/projects/922102669164/services/eventarc.googleapis.com:generateServiceIdentity x-goog-quota-user=projects/922102669164
[debug] [2025-06-26T20:21:28.591Z] >>> [apiv2][body] POST https://serviceusage.googleapis.com/v1beta1/projects/922102669164/services/eventarc.googleapis.com:generateServiceIdentity {}
[debug] [2025-06-26T20:21:30.422Z] <<< [apiv2][status] POST https://serviceusage.googleapis.com/v1beta1/projects/922102669164/services/pubsub.googleapis.com:generateServiceIdentity 200
[debug] [2025-06-26T20:21:30.422Z] <<< [apiv2][body] POST https://serviceusage.googleapis.com/v1beta1/projects/922102669164/services/pubsub.googleapis.com:generateServiceIdentity {"name":"operations/finished.DONE_OPERATION","done":true,"response":{"@type":"type.googleapis.com/google.api.serviceusage.v1beta1.ServiceIdentity","email":"service-922102669164@gcp-sa-pubsub.iam.gserviceaccount.com","uniqueId":"111342228062596617457"}}
[debug] [2025-06-26T20:21:30.423Z] <<< [apiv2][status] POST https://serviceusage.googleapis.com/v1beta1/projects/922102669164/services/eventarc.googleapis.com:generateServiceIdentity 200
[debug] [2025-06-26T20:21:30.423Z] <<< [apiv2][body] POST https://serviceusage.googleapis.com/v1beta1/projects/922102669164/services/eventarc.googleapis.com:generateServiceIdentity {"name":"operations/finished.DONE_OPERATION","done":true,"response":{"@type":"type.googleapis.com/google.api.serviceusage.v1beta1.ServiceIdentity","email":"service-922102669164@gcp-sa-eventarc.iam.gserviceaccount.com","uniqueId":"111176675704302754527"}}
[debug] [2025-06-26T20:21:30.426Z] Checked if tokens are valid: true, expires at: 1750972868731
[debug] [2025-06-26T20:21:30.426Z] Checked if tokens are valid: true, expires at: 1750972868731
[debug] [2025-06-26T20:21:30.426Z] >>> [apiv2][query] GET https://cloudresourcemanager.googleapis.com/v1/projects/synergyx-hub [none]
[debug] [2025-06-26T20:21:31.946Z] <<< [apiv2][status] GET https://cloudresourcemanager.googleapis.com/v1/projects/synergyx-hub 200
[debug] [2025-06-26T20:21:31.947Z] <<< [apiv2][body] GET https://cloudresourcemanager.googleapis.com/v1/projects/synergyx-hub {"projectNumber":"922102669164","projectId":"synergyx-hub","lifecycleState":"ACTIVE","name":"SynergyX-Hub","labels":{"firebase":"enabled","firebase-core":"disabled"},"createTime":"2025-06-26T14:42:36.132084Z"}
[debug] [2025-06-26T20:21:31.948Z] Checked if tokens are valid: true, expires at: 1750972868731
[debug] [2025-06-26T20:21:31.948Z] Checked if tokens are valid: true, expires at: 1750972868731
[debug] [2025-06-26T20:21:31.948Z] >>> [apiv2][query] GET https://compute.googleapis.com/compute/v1/projects/922102669164 [none]
[debug] [2025-06-26T20:21:32.369Z] <<< [apiv2][status] GET https://compute.googleapis.com/compute/v1/projects/922102669164 403
[debug] [2025-06-26T20:21:32.369Z] <<< [apiv2][body] GET https://compute.googleapis.com/compute/v1/projects/922102669164 {"error":{"code":403,"message":"Compute Engine API has not been used in project 922102669164 before or it is disabled. Enable it by visiting https://console.developers.google.com/apis/api/compute.googleapis.com/overview?project=922102669164 then retry. If you enabled this API recently, wait a few minutes for the action to propagate to our systems and retry.","errors":[{"message":"Compute Engine API has not been used in project 922102669164 before or it is disabled. Enable it by visiting https://console.developers.google.com/apis/api/compute.googleapis.com/overview?project=922102669164 then retry. If you enabled this API recently, wait a few minutes for the action to propagate to our systems and retry.","domain":"usageLimits","reason":"accessNotConfigured","extendedHelp":"https://console.developers.google.com"}],"status":"PERMISSION_DENIED","details":[{"@type":"type.googleapis.com/google.rpc.ErrorInfo","reason":"SERVICE_DISABLED","domain":"googleapis.com","metadata":{"activationUrl":"https://console.developers.google.com/apis/api/compute.googleapis.com/overview?project=922102669164","containerInfo":"922102669164","serviceTitle":"Compute Engine API","consumer":"projects/922102669164","service":"compute.googleapis.com"}},{"@type":"type.googleapis.com/google.rpc.LocalizedMessage","locale":"en-US","message":"Compute Engine API has not been used in project 922102669164 before or it is disabled. Enable it by visiting https://console.developers.google.com/apis/api/compute.googleapis.com/overview?project=922102669164 then retry. If you enabled this API recently, wait a few minutes for the action to propagate to our systems and retry."},{"@type":"type.googleapis.com/google.rpc.Help","links":[{"description":"Google developers console API activation","url":"https://console.developers.google.com/apis/api/compute.googleapis.com/overview?project=922102669164"}]}]}}
[debug] [2025-06-26T20:21:32.369Z] unable to look up default compute service account. Falling back to 922102669164-compute@developer.gserviceaccount.com. Error: {"name":"FirebaseError","children":[],"context":{"body":{"error":{"code":403,"message":"Compute Engine API has not been used in project 922102669164 before or it is disabled. Enable it by visiting https://console.developers.google.com/apis/api/compute.googleapis.com/overview?project=922102669164 then retry. If you enabled this API recently, wait a few minutes for the action to propagate to our systems and retry.","errors":[{"message":"Compute Engine API has not been used in project 922102669164 before or it is disabled. Enable it by visiting https://console.developers.google.com/apis/api/compute.googleapis.com/overview?project=922102669164 then retry. If you enabled this API recently, wait a few minutes for the action to propagate to our systems and retry.","domain":"usageLimits","reason":"accessNotConfigured","extendedHelp":"https://console.developers.google.com"}],"status":"PERMISSION_DENIED","details":[{"@type":"type.googleapis.com/google.rpc.ErrorInfo","reason":"SERVICE_DISABLED","domain":"googleapis.com","metadata":{"activationUrl":"https://console.developers.google.com/apis/api/compute.googleapis.com/overview?project=922102669164","containerInfo":"922102669164","serviceTitle":"Compute Engine API","consumer":"projects/922102669164","service":"compute.googleapis.com"}},{"@type":"type.googleapis.com/google.rpc.LocalizedMessage","locale":"en-US","message":"Compute Engine API has not been used in project 922102669164 before or it is disabled. Enable it by visiting https://console.developers.google.com/apis/api/compute.googleapis.com/overview?project=922102669164 then retry. If you enabled this API recently, wait a few minutes for the action to propagate to our systems and retry."},{"@type":"type.googleapis.com/google.rpc.Help","links":[{"description":"Google developers console API activation","url":"https://console.developers.google.com/apis/api/compute.googleapis.com/overview?project=922102669164"}]}]}},"response":{"statusCode":403}},"exit":1,"message":"Request to https://compute.googleapis.com/compute/v1/projects/922102669164 had HTTP Error: 403, Compute Engine API has not been used in project 922102669164 before or it is disabled. Enable it by visiting https://console.developers.google.com/apis/api/compute.googleapis.com/overview?project=922102669164 then retry. If you enabled this API recently, wait a few minutes for the action to propagate to our systems and retry.","status":403}
[debug] [2025-06-26T20:21:32.370Z] Checked if tokens are valid: true, expires at: 1750972868731
[debug] [2025-06-26T20:21:32.370Z] Checked if tokens are valid: true, expires at: 1750972868731
[debug] [2025-06-26T20:21:32.370Z] >>> [apiv2][query] GET https://compute.googleapis.com/compute/v1/projects/922102669164 [none]
[debug] [2025-06-26T20:21:32.670Z] <<< [apiv2][status] GET https://compute.googleapis.com/compute/v1/projects/922102669164 403
[debug] [2025-06-26T20:21:32.671Z] <<< [apiv2][body] GET https://compute.googleapis.com/compute/v1/projects/922102669164 {"error":{"code":403,"message":"Compute Engine API has not been used in project 922102669164 before or it is disabled. Enable it by visiting https://console.developers.google.com/apis/api/compute.googleapis.com/overview?project=922102669164 then retry. If you enabled this API recently, wait a few minutes for the action to propagate to our systems and retry.","errors":[{"message":"Compute Engine API has not been used in project 922102669164 before or it is disabled. Enable it by visiting https://console.developers.google.com/apis/api/compute.googleapis.com/overview?project=922102669164 then retry. If you enabled this API recently, wait a few minutes for the action to propagate to our systems and retry.","domain":"usageLimits","reason":"accessNotConfigured","extendedHelp":"https://console.developers.google.com"}],"status":"PERMISSION_DENIED","details":[{"@type":"type.googleapis.com/google.rpc.ErrorInfo","reason":"SERVICE_DISABLED","domain":"googleapis.com","metadata":{"service":"compute.googleapis.com","serviceTitle":"Compute Engine API","containerInfo":"922102669164","activationUrl":"https://console.developers.google.com/apis/api/compute.googleapis.com/overview?project=922102669164","consumer":"projects/922102669164"}},{"@type":"type.googleapis.com/google.rpc.LocalizedMessage","locale":"en-US","message":"Compute Engine API has not been used in project 922102669164 before or it is disabled. Enable it by visiting https://console.developers.google.com/apis/api/compute.googleapis.com/overview?project=922102669164 then retry. If you enabled this API recently, wait a few minutes for the action to propagate to our systems and retry."},{"@type":"type.googleapis.com/google.rpc.Help","links":[{"description":"Google developers console API activation","url":"https://console.developers.google.com/apis/api/compute.googleapis.com/overview?project=922102669164"}]}]}}
[debug] [2025-06-26T20:21:32.671Z] unable to look up default compute service account. Falling back to 922102669164-compute@developer.gserviceaccount.com. Error: {"name":"FirebaseError","children":[],"context":{"body":{"error":{"code":403,"message":"Compute Engine API has not been used in project 922102669164 before or it is disabled. Enable it by visiting https://console.developers.google.com/apis/api/compute.googleapis.com/overview?project=922102669164 then retry. If you enabled this API recently, wait a few minutes for the action to propagate to our systems and retry.","errors":[{"message":"Compute Engine API has not been used in project 922102669164 before or it is disabled. Enable it by visiting https://console.developers.google.com/apis/api/compute.googleapis.com/overview?project=922102669164 then retry. If you enabled this API recently, wait a few minutes for the action to propagate to our systems and retry.","domain":"usageLimits","reason":"accessNotConfigured","extendedHelp":"https://console.developers.google.com"}],"status":"PERMISSION_DENIED","details":[{"@type":"type.googleapis.com/google.rpc.ErrorInfo","reason":"SERVICE_DISABLED","domain":"googleapis.com","metadata":{"service":"compute.googleapis.com","serviceTitle":"Compute Engine API","containerInfo":"922102669164","activationUrl":"https://console.developers.google.com/apis/api/compute.googleapis.com/overview?project=922102669164","consumer":"projects/922102669164"}},{"@type":"type.googleapis.com/google.rpc.LocalizedMessage","locale":"en-US","message":"Compute Engine API has not been used in project 922102669164 before or it is disabled. Enable it by visiting https://console.developers.google.com/apis/api/compute.googleapis.com/overview?project=922102669164 then retry. If you enabled this API recently, wait a few minutes for the action to propagate to our systems and retry."},{"@type":"type.googleapis.com/google.rpc.Help","links":[{"description":"Google developers console API activation","url":"https://console.developers.google.com/apis/api/compute.googleapis.com/overview?project=922102669164"}]}]}},"response":{"statusCode":403}},"exit":1,"message":"Request to https://compute.googleapis.com/compute/v1/projects/922102669164 had HTTP Error: 403, Compute Engine API has not been used in project 922102669164 before or it is disabled. Enable it by visiting https://console.developers.google.com/apis/api/compute.googleapis.com/overview?project=922102669164 then retry. If you enabled this API recently, wait a few minutes for the action to propagate to our systems and retry.","status":403}
[debug] [2025-06-26T20:21:32.672Z] Checked if tokens are valid: true, expires at: 1750972868731
[debug] [2025-06-26T20:21:32.672Z] Checked if tokens are valid: true, expires at: 1750972868731
[debug] [2025-06-26T20:21:32.673Z] >>> [apiv2][query] GET https://cloudbilling.googleapis.com/v1/projects/synergyx-hub/billingInfo [none]
[debug] [2025-06-26T20:21:34.191Z] <<< [apiv2][status] GET https://cloudbilling.googleapis.com/v1/projects/synergyx-hub/billingInfo 200
[debug] [2025-06-26T20:21:34.191Z] <<< [apiv2][body] GET https://cloudbilling.googleapis.com/v1/projects/synergyx-hub/billingInfo {"name":"projects/synergyx-hub/billingInfo","projectId":"synergyx-hub","billingAccountName":"billingAccounts/01AE1D-135B1E-278144","billingEnabled":true}
[info] i  functions: updating Node.js 20 (2nd Gen) function joinSynergyX(us-central1)... 
[debug] [2025-06-26T20:21:34.196Z] Precondition failed. Cannot update a GCFv2 function without storage
[debug] [2025-06-26T20:21:34.203Z] Total Function Deployment time: 1
[debug] [2025-06-26T20:21:34.203Z] 1 Functions Deployed
[debug] [2025-06-26T20:21:34.203Z] 1 Functions Errored
[debug] [2025-06-26T20:21:34.203Z] 0 Function Deployments Aborted
[debug] [2025-06-26T20:21:34.203Z] Average Function Deployment time: 0
[info] 
[info] Functions deploy had errors with the following functions:
	joinSynergyX(us-central1)
[debug] [2025-06-26T20:21:34.303Z] Not printing URL for HTTPS function. Typically this means it didn't match a filter or we failed deployment
[debug] [2025-06-26T20:21:34.304Z] Checked if tokens are valid: true, expires at: 1750972868731
[debug] [2025-06-26T20:21:34.304Z] Checked if tokens are valid: true, expires at: 1750972868731
[debug] [2025-06-26T20:21:34.304Z] >>> [apiv2][query] GET https://artifactregistry.googleapis.com/v1/projects/synergyx-hub/locations/us-central1/repositories/gcf-artifacts [none]
[debug] [2025-06-26T20:21:35.728Z] <<< [apiv2][status] GET https://artifactregistry.googleapis.com/v1/projects/synergyx-hub/locations/us-central1/repositories/gcf-artifacts 404
[debug] [2025-06-26T20:21:35.728Z] <<< [apiv2][body] GET https://artifactregistry.googleapis.com/v1/projects/synergyx-hub/locations/us-central1/repositories/gcf-artifacts {"error":{"code":404,"message":"Requested entity was not found.","status":"NOT_FOUND"}}
[debug] [2025-06-26T20:21:35.728Z] Failed to check artifact cleanup policy for region us-central1: Request to https://artifactregistry.googleapis.com/v1/projects/synergyx-hub/locations/us-central1/repositories/gcf-artifacts had HTTP Error: 404, Requested entity was not found. {"name":"FirebaseError","children":[],"context":{"body":{"error":{"code":404,"message":"Requested entity was not found.","status":"NOT_FOUND"}},"response":{"statusCode":404}},"exit":1,"message":"Request to https://artifactregistry.googleapis.com/v1/projects/synergyx-hub/locations/us-central1/repositories/gcf-artifacts had HTTP Error: 404, Requested entity was not found.","status":404}
[debug] [2025-06-26T20:21:35.728Z] Functions deploy failed.
[debug] [2025-06-26T20:21:35.728Z] {}
[debug] [2025-06-26T20:21:35.807Z] Error: Precondition failed
    at Fabricator.updateV2Function (C:\Users\tashu\AppData\Roaming\npm\node_modules\firebase-tools\lib\deploy\functions\release\fabricator.js:382:19)
    at Fabricator.updateEndpoint (C:\Users\tashu\AppData\Roaming\npm\node_modules\firebase-tools\lib\deploy\functions\release\fabricator.js:155:24)
    at C:\Users\tashu\AppData\Roaming\npm\node_modules\firebase-tools\lib\deploy\functions\release\fabricator.js:110:71
    at handle (C:\Users\tashu\AppData\Roaming\npm\node_modules\firebase-tools\lib\deploy\functions\release\fabricator.js:89:23)
    at Fabricator.applyChangeset (C:\Users\tashu\AppData\Roaming\npm\node_modules\firebase-tools\lib\deploy\functions\release\fabricator.js:110:26)
    at C:\Users\tashu\AppData\Roaming\npm\node_modules\firebase-tools\lib\deploy\functions\release\fabricator.js:69:40
    at Array.map (<anonymous>)
    at Fabricator.applyPlan (C:\Users\tashu\AppData\Roaming\npm\node_modules\firebase-tools\lib\deploy\functions\release\fabricator.js:68:54)
    at release (C:\Users\tashu\AppData\Roaming\npm\node_modules\firebase-tools\lib\deploy\functions\release\index.js:76:31)
    at process.processTicksAndRejections (node:internal/process/task_queues:105:5)
[error] 
[error] Error: There was an error deploying functions
